Build started 02/09/2014 21:50:33.
     1>Project "C:\Users\Séamus\Documents\CGD\Y3\Repeat Project\Repeat Project\Repeat Project.vcxproj" on node 2 (build target(s)).
     1>InitializeBuildStatus:
         Creating "obj\Debug\Repeat Project.unsuccessfulbuild" because "AlwaysCreate" was specified.
       ClCompile:
         c:\Program Files (x86)\Microsoft Visual Studio 10.0\VC\bin\CL.exe /c /I"C:\Program Files (x86)\OgreSDK\OgreSDK_vc10_v1-7-4\Gui3D-master\build\source" /I"C:\Program Files (x86)\OgreSDK\OgreSDK_vc10_v1-7-4\Gui3D-master\sdk\\" /Iinclude /I"C:\Program Files (x86)\OgreSDK\OgreSDK_vc10_v1-7-4\include" /I"C:\Program Files (x86)\OgreSDK\OgreSDK_vc10_v1-7-4\include\OIS" /I"C:\Program Files (x86)\OgreSDK\OgreSDK_vc10_v1-7-4\include\OGRE" /I"C:\Program Files (x86)\OgreSDK\OgreSDK_vc10_v1-7-4\Samples\Common\include" /I"C:\Program Files (x86)\OgreSDK\OgreSDK_vc10_v1-7-4\boost" /ZI /nologo /W3 /WX- /Od /Oy- /D WIN32 /D _DEBUG /D _WINDOWS /D _MBCS /Gm /EHsc /RTC1 /MDd /GS /Gy /fp:fast /Zc:wchar_t /Zc:forScope /GR /Fo"obj\Debug\\" /Fd"obj\Debug\vc100.pdb" /Gd /TP /analyze- /errorReport:prompt src\BaseApplication.cpp
         BaseApplication.cpp
       ResourceCompile:
         All outputs are up-to-date.
       ManifestResourceCompile:
         All outputs are up-to-date.
       Link:
         c:\Program Files (x86)\Microsoft Visual Studio 10.0\VC\bin\link.exe /ERRORREPORT:PROMPT /OUT:"bin\Debug\\Repeat Project.exe" /INCREMENTAL /NOLOGO /LIBPATH:"C:\Program Files (x86)\OgreSDK\OgreSDK_vc10_v1-7-4\lib\debug" /LIBPATH:"C:\Program Files (x86)\OgreSDK\OgreSDK_vc10_v1-7-4\lib\\" /LIBPATH:"C:\Program Files (x86)\OgreSDK\OgreSDK_vc10_v1-7-4\boost\lib" /LIBPATH:"C:\Program Files (x86)\OgreSDK\OgreSDK_vc10_v1-7-4\Gui3D-master\sdk\\" OgreMain_d.lib OIS_d.lib kernel32.lib user32.lib gdi32.lib winspool.lib comdlg32.lib advapi32.lib shell32.lib ole32.lib oleaut32.lib uuid.lib odbc32.lib odbccp32.lib "C:\Program Files (x86)\OgreSDK\OgreSDK_vc10_v1-7-4\Gui3D-master\sdk\Gui3DDebugStatic.lib" /MANIFEST /ManifestFile:"obj\Debug\Repeat Project.exe.intermediate.manifest" /MANIFESTUAC:"level='asInvoker' uiAccess='false'" /DEBUG /PDB:"bin\Debug\/Repeat Project.pdb" /SUBSYSTEM:WINDOWS /TLBID:1 /DYNAMICBASE /NXCOMPAT /IMPLIB:"bin\Debug\Repeat Project.lib" /MACHINE:X86 obj\Debug\RepeatProject.res
         "obj\Debug\Repeat Project.exe.embed.manifest.res"
         obj\Debug\AIPlayer.obj
         obj\Debug\Ball.obj
         obj\Debug\BaseApplication.obj
         obj\Debug\BaseObject.obj
         obj\Debug\Camera.obj
         obj\Debug\CollisionManager.obj
         obj\Debug\FModManager.obj
         obj\Debug\MovingObject.obj
         obj\Debug\MySimpleDemoPanelColors.obj
         obj\Debug\Player.obj
         obj\Debug\RepeatProject.obj
       Manifest:
         C:\Program Files (x86)\Microsoft SDKs\Windows\v7.0A\bin\mt.exe /nologo /verbose /out:"obj\Debug\Repeat Project.exe.embed.manifest" /manifest "obj\Debug\Repeat Project.exe.intermediate.manifest"
         All outputs are up-to-date.
       LinkEmbedManifest:
         All outputs are up-to-date.
         Repeat Project.vcxproj -> C:\Users\Séamus\Documents\CGD\Y3\Repeat Project\Repeat Project\bin\Debug\Repeat Project.exe
       PostBuildEvent:
         Description: Copying exe to samples bin directory ...
         copy "bin\Debug\\Repeat Project.exe" "C:\Program Files (x86)\OgreSDK\OgreSDK_vc10_v1-7-4\Bin\Debug"
         :VCEnd
                 1 file(s) copied.
       FinalizeBuildStatus:
         Deleting file "obj\Debug\Repeat Project.unsuccessfulbuild".
         Touching "obj\Debug\Repeat Project.lastbuildstate".
     1>Done Building Project "C:\Users\Séamus\Documents\CGD\Y3\Repeat Project\Repeat Project\Repeat Project.vcxproj" (build target(s)).

Build succeeded.

Time Elapsed 00:01:31.61
