bin\Debug\Repeat Project.ilk
bin\Debug\Repeat Project.pdb
C:\USERS\SéAMUS\DOCUMENTS\CGD\Y3\REPEAT PROJECT\REPEAT PROJECT\BIN\DEBUG\REPEAT PROJECT.EXE
C:\USERS\SéAMUS\DOCUMENTS\CGD\Y3\REPEAT PROJECT\REPEAT PROJECT\BIN\DEBUG\REPEAT PROJECT.ILK
C:\USERS\SÉAMUS\DOCUMENTS\CGD\Y3\REPEAT PROJECT\REPEAT PROJECT\BIN\DEBUG\REPEAT PROJECT.PDB
C:\USERS\SéAMUS\DOCUMENTS\CGD\Y3\REPEAT PROJECT\REPEAT PROJECT\OBJ\DEBUG\AIPLAYER.OBJ
C:\USERS\SéAMUS\DOCUMENTS\CGD\Y3\REPEAT PROJECT\REPEAT PROJECT\OBJ\DEBUG\BALL.OBJ
C:\USERS\SéAMUS\DOCUMENTS\CGD\Y3\REPEAT PROJECT\REPEAT PROJECT\OBJ\DEBUG\BASEAPPLICATION.OBJ
C:\USERS\SéAMUS\DOCUMENTS\CGD\Y3\REPEAT PROJECT\REPEAT PROJECT\OBJ\DEBUG\BASEOBJECT.OBJ
C:\USERS\SéAMUS\DOCUMENTS\CGD\Y3\REPEAT PROJECT\REPEAT PROJECT\OBJ\DEBUG\CAMERA.OBJ
C:\Users\Séamus\Documents\CGD\Y3\Repeat Project\Repeat Project\obj\Debug\cl.command.1.tlog
C:\Users\Séamus\Documents\CGD\Y3\Repeat Project\Repeat Project\obj\Debug\CL.read.1.tlog
C:\Users\Séamus\Documents\CGD\Y3\Repeat Project\Repeat Project\obj\Debug\CL.write.1.tlog
C:\USERS\SéAMUS\DOCUMENTS\CGD\Y3\REPEAT PROJECT\REPEAT PROJECT\OBJ\DEBUG\COLLISIONMANAGER.OBJ
C:\USERS\SéAMUS\DOCUMENTS\CGD\Y3\REPEAT PROJECT\REPEAT PROJECT\OBJ\DEBUG\FMODMANAGER.OBJ
C:\Users\Séamus\Documents\CGD\Y3\Repeat Project\Repeat Project\obj\Debug\link.10096.read.1.tlog
C:\Users\Séamus\Documents\CGD\Y3\Repeat Project\Repeat Project\obj\Debug\link.10096.write.1.tlog
C:\Users\Séamus\Documents\CGD\Y3\Repeat Project\Repeat Project\obj\Debug\link.10096-cvtres.read.1.tlog
C:\Users\Séamus\Documents\CGD\Y3\Repeat Project\Repeat Project\obj\Debug\link.10096-cvtres.write.1.tlog
C:\Users\Séamus\Documents\CGD\Y3\Repeat Project\Repeat Project\obj\Debug\link.10128.read.1.tlog
C:\Users\Séamus\Documents\CGD\Y3\Repeat Project\Repeat Project\obj\Debug\link.10128.write.1.tlog
C:\Users\Séamus\Documents\CGD\Y3\Repeat Project\Repeat Project\obj\Debug\link.10128-cvtres.read.1.tlog
C:\Users\Séamus\Documents\CGD\Y3\Repeat Project\Repeat Project\obj\Debug\link.10128-cvtres.write.1.tlog
C:\Users\Séamus\Documents\CGD\Y3\Repeat Project\Repeat Project\obj\Debug\link.10160.read.1.tlog
C:\Users\Séamus\Documents\CGD\Y3\Repeat Project\Repeat Project\obj\Debug\link.10160.write.1.tlog
C:\Users\Séamus\Documents\CGD\Y3\Repeat Project\Repeat Project\obj\Debug\link.10160-cvtres.read.1.tlog
C:\Users\Séamus\Documents\CGD\Y3\Repeat Project\Repeat Project\obj\Debug\link.10160-cvtres.write.1.tlog
C:\Users\Séamus\Documents\CGD\Y3\Repeat Project\Repeat Project\obj\Debug\link.10552.read.1.tlog
C:\Users\Séamus\Documents\CGD\Y3\Repeat Project\Repeat Project\obj\Debug\link.10552.write.1.tlog
C:\Users\Séamus\Documents\CGD\Y3\Repeat Project\Repeat Project\obj\Debug\link.10552-cvtres.read.1.tlog
C:\Users\Séamus\Documents\CGD\Y3\Repeat Project\Repeat Project\obj\Debug\link.10552-cvtres.write.1.tlog
C:\Users\Séamus\Documents\CGD\Y3\Repeat Project\Repeat Project\obj\Debug\link.10664.read.1.tlog
C:\Users\Séamus\Documents\CGD\Y3\Repeat Project\Repeat Project\obj\Debug\link.10664.write.1.tlog
C:\Users\Séamus\Documents\CGD\Y3\Repeat Project\Repeat Project\obj\Debug\link.10664-cvtres.read.1.tlog
C:\Users\Séamus\Documents\CGD\Y3\Repeat Project\Repeat Project\obj\Debug\link.10664-cvtres.write.1.tlog
C:\Users\Séamus\Documents\CGD\Y3\Repeat Project\Repeat Project\obj\Debug\link.10960.read.1.tlog
C:\Users\Séamus\Documents\CGD\Y3\Repeat Project\Repeat Project\obj\Debug\link.10960.write.1.tlog
C:\Users\Séamus\Documents\CGD\Y3\Repeat Project\Repeat Project\obj\Debug\link.10960-cvtres.read.1.tlog
C:\Users\Séamus\Documents\CGD\Y3\Repeat Project\Repeat Project\obj\Debug\link.10960-cvtres.write.1.tlog
C:\Users\Séamus\Documents\CGD\Y3\Repeat Project\Repeat Project\obj\Debug\link.11256.read.1.tlog
C:\Users\Séamus\Documents\CGD\Y3\Repeat Project\Repeat Project\obj\Debug\link.11256.write.1.tlog
C:\Users\Séamus\Documents\CGD\Y3\Repeat Project\Repeat Project\obj\Debug\link.11256-cvtres.read.1.tlog
C:\Users\Séamus\Documents\CGD\Y3\Repeat Project\Repeat Project\obj\Debug\link.11256-cvtres.write.1.tlog
C:\Users\Séamus\Documents\CGD\Y3\Repeat Project\Repeat Project\obj\Debug\link.11312.read.1.tlog
C:\Users\Séamus\Documents\CGD\Y3\Repeat Project\Repeat Project\obj\Debug\link.11312.write.1.tlog
C:\Users\Séamus\Documents\CGD\Y3\Repeat Project\Repeat Project\obj\Debug\link.11312-cvtres.read.1.tlog
C:\Users\Séamus\Documents\CGD\Y3\Repeat Project\Repeat Project\obj\Debug\link.11312-cvtres.write.1.tlog
C:\Users\Séamus\Documents\CGD\Y3\Repeat Project\Repeat Project\obj\Debug\link.11424.read.1.tlog
C:\Users\Séamus\Documents\CGD\Y3\Repeat Project\Repeat Project\obj\Debug\link.11424.write.1.tlog
C:\Users\Séamus\Documents\CGD\Y3\Repeat Project\Repeat Project\obj\Debug\link.11424-cvtres.read.1.tlog
C:\Users\Séamus\Documents\CGD\Y3\Repeat Project\Repeat Project\obj\Debug\link.11424-cvtres.write.1.tlog
C:\Users\Séamus\Documents\CGD\Y3\Repeat Project\Repeat Project\obj\Debug\link.11664.read.1.tlog
C:\Users\Séamus\Documents\CGD\Y3\Repeat Project\Repeat Project\obj\Debug\link.11664.write.1.tlog
C:\Users\Séamus\Documents\CGD\Y3\Repeat Project\Repeat Project\obj\Debug\link.11664-cvtres.read.1.tlog
C:\Users\Séamus\Documents\CGD\Y3\Repeat Project\Repeat Project\obj\Debug\link.11664-cvtres.write.1.tlog
C:\Users\Séamus\Documents\CGD\Y3\Repeat Project\Repeat Project\obj\Debug\link.1484.read.1.tlog
C:\Users\Séamus\Documents\CGD\Y3\Repeat Project\Repeat Project\obj\Debug\link.1484.write.1.tlog
C:\Users\Séamus\Documents\CGD\Y3\Repeat Project\Repeat Project\obj\Debug\link.1484-cvtres.read.1.tlog
C:\Users\Séamus\Documents\CGD\Y3\Repeat Project\Repeat Project\obj\Debug\link.1484-cvtres.write.1.tlog
C:\Users\Séamus\Documents\CGD\Y3\Repeat Project\Repeat Project\obj\Debug\link.1572.read.1.tlog
C:\Users\Séamus\Documents\CGD\Y3\Repeat Project\Repeat Project\obj\Debug\link.1572.write.1.tlog
C:\Users\Séamus\Documents\CGD\Y3\Repeat Project\Repeat Project\obj\Debug\link.1572-cvtres.read.1.tlog
C:\Users\Séamus\Documents\CGD\Y3\Repeat Project\Repeat Project\obj\Debug\link.1572-cvtres.write.1.tlog
C:\Users\Séamus\Documents\CGD\Y3\Repeat Project\Repeat Project\obj\Debug\link.1776.read.1.tlog
C:\Users\Séamus\Documents\CGD\Y3\Repeat Project\Repeat Project\obj\Debug\link.1776.write.1.tlog
C:\Users\Séamus\Documents\CGD\Y3\Repeat Project\Repeat Project\obj\Debug\link.1776-cvtres.read.1.tlog
C:\Users\Séamus\Documents\CGD\Y3\Repeat Project\Repeat Project\obj\Debug\link.1776-cvtres.write.1.tlog
C:\Users\Séamus\Documents\CGD\Y3\Repeat Project\Repeat Project\obj\Debug\link.2092.read.1.tlog
C:\Users\Séamus\Documents\CGD\Y3\Repeat Project\Repeat Project\obj\Debug\link.2092.write.1.tlog
C:\Users\Séamus\Documents\CGD\Y3\Repeat Project\Repeat Project\obj\Debug\link.2092-cvtres.read.1.tlog
C:\Users\Séamus\Documents\CGD\Y3\Repeat Project\Repeat Project\obj\Debug\link.2092-cvtres.write.1.tlog
C:\Users\Séamus\Documents\CGD\Y3\Repeat Project\Repeat Project\obj\Debug\link.4272.read.1.tlog
C:\Users\Séamus\Documents\CGD\Y3\Repeat Project\Repeat Project\obj\Debug\link.4272.write.1.tlog
C:\Users\Séamus\Documents\CGD\Y3\Repeat Project\Repeat Project\obj\Debug\link.4272-cvtres.read.1.tlog
C:\Users\Séamus\Documents\CGD\Y3\Repeat Project\Repeat Project\obj\Debug\link.4272-cvtres.write.1.tlog
C:\Users\Séamus\Documents\CGD\Y3\Repeat Project\Repeat Project\obj\Debug\link.4300.read.1.tlog
C:\Users\Séamus\Documents\CGD\Y3\Repeat Project\Repeat Project\obj\Debug\link.4300.write.1.tlog
C:\Users\Séamus\Documents\CGD\Y3\Repeat Project\Repeat Project\obj\Debug\link.4300-cvtres.read.1.tlog
C:\Users\Séamus\Documents\CGD\Y3\Repeat Project\Repeat Project\obj\Debug\link.4300-cvtres.write.1.tlog
C:\Users\Séamus\Documents\CGD\Y3\Repeat Project\Repeat Project\obj\Debug\link.5132.read.1.tlog
C:\Users\Séamus\Documents\CGD\Y3\Repeat Project\Repeat Project\obj\Debug\link.5132.write.1.tlog
C:\Users\Séamus\Documents\CGD\Y3\Repeat Project\Repeat Project\obj\Debug\link.5132-cvtres.read.1.tlog
C:\Users\Séamus\Documents\CGD\Y3\Repeat Project\Repeat Project\obj\Debug\link.5132-cvtres.write.1.tlog
C:\Users\Séamus\Documents\CGD\Y3\Repeat Project\Repeat Project\obj\Debug\link.5228.read.1.tlog
C:\Users\Séamus\Documents\CGD\Y3\Repeat Project\Repeat Project\obj\Debug\link.5228.write.1.tlog
C:\Users\Séamus\Documents\CGD\Y3\Repeat Project\Repeat Project\obj\Debug\link.5228-cvtres.read.1.tlog
C:\Users\Séamus\Documents\CGD\Y3\Repeat Project\Repeat Project\obj\Debug\link.5228-cvtres.write.1.tlog
C:\Users\Séamus\Documents\CGD\Y3\Repeat Project\Repeat Project\obj\Debug\link.5356.read.1.tlog
C:\Users\Séamus\Documents\CGD\Y3\Repeat Project\Repeat Project\obj\Debug\link.5356.write.1.tlog
C:\Users\Séamus\Documents\CGD\Y3\Repeat Project\Repeat Project\obj\Debug\link.5356-cvtres.read.1.tlog
C:\Users\Séamus\Documents\CGD\Y3\Repeat Project\Repeat Project\obj\Debug\link.5356-cvtres.write.1.tlog
C:\Users\Séamus\Documents\CGD\Y3\Repeat Project\Repeat Project\obj\Debug\link.5636.read.1.tlog
C:\Users\Séamus\Documents\CGD\Y3\Repeat Project\Repeat Project\obj\Debug\link.5636.write.1.tlog
C:\Users\Séamus\Documents\CGD\Y3\Repeat Project\Repeat Project\obj\Debug\link.5636-cvtres.read.1.tlog
C:\Users\Séamus\Documents\CGD\Y3\Repeat Project\Repeat Project\obj\Debug\link.5636-cvtres.write.1.tlog
C:\Users\Séamus\Documents\CGD\Y3\Repeat Project\Repeat Project\obj\Debug\link.6672.read.1.tlog
C:\Users\Séamus\Documents\CGD\Y3\Repeat Project\Repeat Project\obj\Debug\link.6672.write.1.tlog
C:\Users\Séamus\Documents\CGD\Y3\Repeat Project\Repeat Project\obj\Debug\link.6672-cvtres.read.1.tlog
C:\Users\Séamus\Documents\CGD\Y3\Repeat Project\Repeat Project\obj\Debug\link.6672-cvtres.write.1.tlog
C:\Users\Séamus\Documents\CGD\Y3\Repeat Project\Repeat Project\obj\Debug\link.7484.read.1.tlog
C:\Users\Séamus\Documents\CGD\Y3\Repeat Project\Repeat Project\obj\Debug\link.7484.write.1.tlog
C:\Users\Séamus\Documents\CGD\Y3\Repeat Project\Repeat Project\obj\Debug\link.7484-cvtres.read.1.tlog
C:\Users\Séamus\Documents\CGD\Y3\Repeat Project\Repeat Project\obj\Debug\link.7484-cvtres.write.1.tlog
C:\Users\Séamus\Documents\CGD\Y3\Repeat Project\Repeat Project\obj\Debug\link.7508.read.1.tlog
C:\Users\Séamus\Documents\CGD\Y3\Repeat Project\Repeat Project\obj\Debug\link.7508.write.1.tlog
C:\Users\Séamus\Documents\CGD\Y3\Repeat Project\Repeat Project\obj\Debug\link.7508-cvtres.read.1.tlog
C:\Users\Séamus\Documents\CGD\Y3\Repeat Project\Repeat Project\obj\Debug\link.7508-cvtres.write.1.tlog
C:\Users\Séamus\Documents\CGD\Y3\Repeat Project\Repeat Project\obj\Debug\link.7816.read.1.tlog
C:\Users\Séamus\Documents\CGD\Y3\Repeat Project\Repeat Project\obj\Debug\link.7816.write.1.tlog
C:\Users\Séamus\Documents\CGD\Y3\Repeat Project\Repeat Project\obj\Debug\link.7816-cvtres.read.1.tlog
C:\Users\Séamus\Documents\CGD\Y3\Repeat Project\Repeat Project\obj\Debug\link.7816-cvtres.write.1.tlog
C:\Users\Séamus\Documents\CGD\Y3\Repeat Project\Repeat Project\obj\Debug\link.7844.read.1.tlog
C:\Users\Séamus\Documents\CGD\Y3\Repeat Project\Repeat Project\obj\Debug\link.7844.write.1.tlog
C:\Users\Séamus\Documents\CGD\Y3\Repeat Project\Repeat Project\obj\Debug\link.7844-cvtres.read.1.tlog
C:\Users\Séamus\Documents\CGD\Y3\Repeat Project\Repeat Project\obj\Debug\link.7844-cvtres.write.1.tlog
C:\Users\Séamus\Documents\CGD\Y3\Repeat Project\Repeat Project\obj\Debug\link.7980.read.1.tlog
C:\Users\Séamus\Documents\CGD\Y3\Repeat Project\Repeat Project\obj\Debug\link.7980.write.1.tlog
C:\Users\Séamus\Documents\CGD\Y3\Repeat Project\Repeat Project\obj\Debug\link.7980-cvtres.read.1.tlog
C:\Users\Séamus\Documents\CGD\Y3\Repeat Project\Repeat Project\obj\Debug\link.7980-cvtres.write.1.tlog
C:\Users\Séamus\Documents\CGD\Y3\Repeat Project\Repeat Project\obj\Debug\link.8424.read.1.tlog
C:\Users\Séamus\Documents\CGD\Y3\Repeat Project\Repeat Project\obj\Debug\link.8424.write.1.tlog
C:\Users\Séamus\Documents\CGD\Y3\Repeat Project\Repeat Project\obj\Debug\link.8424-cvtres.read.1.tlog
C:\Users\Séamus\Documents\CGD\Y3\Repeat Project\Repeat Project\obj\Debug\link.8424-cvtres.write.1.tlog
C:\Users\Séamus\Documents\CGD\Y3\Repeat Project\Repeat Project\obj\Debug\link.8952.read.1.tlog
C:\Users\Séamus\Documents\CGD\Y3\Repeat Project\Repeat Project\obj\Debug\link.8952.write.1.tlog
C:\Users\Séamus\Documents\CGD\Y3\Repeat Project\Repeat Project\obj\Debug\link.8952-cvtres.read.1.tlog
C:\Users\Séamus\Documents\CGD\Y3\Repeat Project\Repeat Project\obj\Debug\link.8952-cvtres.write.1.tlog
C:\Users\Séamus\Documents\CGD\Y3\Repeat Project\Repeat Project\obj\Debug\link.9104.read.1.tlog
C:\Users\Séamus\Documents\CGD\Y3\Repeat Project\Repeat Project\obj\Debug\link.9104.write.1.tlog
C:\Users\Séamus\Documents\CGD\Y3\Repeat Project\Repeat Project\obj\Debug\link.9104-cvtres.read.1.tlog
C:\Users\Séamus\Documents\CGD\Y3\Repeat Project\Repeat Project\obj\Debug\link.9104-cvtres.write.1.tlog
C:\Users\Séamus\Documents\CGD\Y3\Repeat Project\Repeat Project\obj\Debug\link.9260.read.1.tlog
C:\Users\Séamus\Documents\CGD\Y3\Repeat Project\Repeat Project\obj\Debug\link.9260.write.1.tlog
C:\Users\Séamus\Documents\CGD\Y3\Repeat Project\Repeat Project\obj\Debug\link.9260-cvtres.read.1.tlog
C:\Users\Séamus\Documents\CGD\Y3\Repeat Project\Repeat Project\obj\Debug\link.9260-cvtres.write.1.tlog
C:\Users\Séamus\Documents\CGD\Y3\Repeat Project\Repeat Project\obj\Debug\link.9324.read.1.tlog
C:\Users\Séamus\Documents\CGD\Y3\Repeat Project\Repeat Project\obj\Debug\link.9324.write.1.tlog
C:\Users\Séamus\Documents\CGD\Y3\Repeat Project\Repeat Project\obj\Debug\link.9324-cvtres.read.1.tlog
C:\Users\Séamus\Documents\CGD\Y3\Repeat Project\Repeat Project\obj\Debug\link.9324-cvtres.write.1.tlog
C:\Users\Séamus\Documents\CGD\Y3\Repeat Project\Repeat Project\obj\Debug\link.9572.read.1.tlog
C:\Users\Séamus\Documents\CGD\Y3\Repeat Project\Repeat Project\obj\Debug\link.9572.write.1.tlog
C:\Users\Séamus\Documents\CGD\Y3\Repeat Project\Repeat Project\obj\Debug\link.9572-cvtres.read.1.tlog
C:\Users\Séamus\Documents\CGD\Y3\Repeat Project\Repeat Project\obj\Debug\link.9572-cvtres.write.1.tlog
C:\Users\Séamus\Documents\CGD\Y3\Repeat Project\Repeat Project\obj\Debug\link.command.1.tlog
C:\Users\Séamus\Documents\CGD\Y3\Repeat Project\Repeat Project\obj\Debug\link.read.1.tlog
C:\Users\Séamus\Documents\CGD\Y3\Repeat Project\Repeat Project\obj\Debug\link.write.1.tlog
C:\Users\Séamus\Documents\CGD\Y3\Repeat Project\Repeat Project\obj\Debug\link-cvtres.read.1.tlog
C:\Users\Séamus\Documents\CGD\Y3\Repeat Project\Repeat Project\obj\Debug\link-cvtres.write.1.tlog
C:\USERS\SéAMUS\DOCUMENTS\CGD\Y3\REPEAT PROJECT\REPEAT PROJECT\OBJ\DEBUG\MOVINGOBJECT.OBJ
C:\Users\Séamus\Documents\CGD\Y3\Repeat Project\Repeat Project\obj\Debug\mt.command.1.tlog
C:\Users\Séamus\Documents\CGD\Y3\Repeat Project\Repeat Project\obj\Debug\mt.read.1.tlog
C:\Users\Séamus\Documents\CGD\Y3\Repeat Project\Repeat Project\obj\Debug\mt.write.1.tlog
C:\USERS\SéAMUS\DOCUMENTS\CGD\Y3\REPEAT PROJECT\REPEAT PROJECT\OBJ\DEBUG\MYSIMPLEDEMOPANELCOLORS.OBJ
C:\USERS\SéAMUS\DOCUMENTS\CGD\Y3\REPEAT PROJECT\REPEAT PROJECT\OBJ\DEBUG\PLAYER.OBJ
C:\Users\Séamus\Documents\CGD\Y3\Repeat Project\Repeat Project\obj\Debug\rc.command.1.tlog
C:\Users\Séamus\Documents\CGD\Y3\Repeat Project\Repeat Project\obj\Debug\rc.read.1.tlog
C:\Users\Séamus\Documents\CGD\Y3\Repeat Project\Repeat Project\obj\Debug\rc.write.1.tlog
C:\USERS\SéAMUS\DOCUMENTS\CGD\Y3\REPEAT PROJECT\REPEAT PROJECT\OBJ\DEBUG\REPEAT PROJECT.EXE.EMBED.MANIFEST
C:\USERS\SéAMUS\DOCUMENTS\CGD\Y3\REPEAT PROJECT\REPEAT PROJECT\OBJ\DEBUG\REPEAT PROJECT.EXE.EMBED.MANIFEST.RES
C:\USERS\SéAMUS\DOCUMENTS\CGD\Y3\REPEAT PROJECT\REPEAT PROJECT\OBJ\DEBUG\REPEAT PROJECT.EXE.INTERMEDIATE.MANIFEST
C:\Users\Séamus\Documents\CGD\Y3\Repeat Project\Repeat Project\obj\Debug\Repeat Project.vcxprojResolveAssemblyReference.cache
C:\Users\Séamus\Documents\CGD\Y3\Repeat Project\Repeat Project\obj\Debug\Repeat Project.write.1.tlog
C:\Users\Séamus\Documents\CGD\Y3\Repeat Project\Repeat Project\obj\Debug\Repeat Project_manifest.rc
C:\USERS\SéAMUS\DOCUMENTS\CGD\Y3\REPEAT PROJECT\REPEAT PROJECT\OBJ\DEBUG\REPEATPROJECT.OBJ
C:\USERS\SéAMUS\DOCUMENTS\CGD\Y3\REPEAT PROJECT\REPEAT PROJECT\OBJ\DEBUG\REPEATPROJECT.RES
C:\Users\Séamus\Documents\CGD\Y3\Repeat Project\Repeat Project\obj\Debug\vc100.idb
C:\USERS\SÉAMUS\DOCUMENTS\CGD\Y3\REPEAT PROJECT\REPEAT PROJECT\OBJ\DEBUG\VC100.PDB
